<?xml version="1.0" encoding="utf-8"?><testsuites name="pytest tests"><testsuite name="pytest" errors="0" failures="0" skipped="0" tests="8" time="2.158" timestamp="2026-07-14T22:09:47.890266+00:00" hostname="agent-env-a8c53162-737b-4e52-b753-d82b541e3537"><testcase classname="tests.test_iteration11_batched.TestRegression" name="test_hr_login" time="0.528" /><testcase classname="tests.test_iteration11_batched.TestRegression" name="test_hr_stats_open_jobs_7" time="0.356" /><testcase classname="tests.test_iteration11_batched.TestRegression" name="test_public_jobs_7_sanitized" time="0.133" /><testcase classname="tests.test_iteration11_batched.TestRegression" name="test_hr_get_job_detail" time="0.129" /><testcase classname="tests.test_iteration11_batched.TestHRApplicationsBatched" name="test_hr_applications_shape_and_latency" time="0.097" /><testcase classname="tests.test_iteration11_batched.TestHRApplicationsBatched" name="test_hr_applications_trust_desc_sort" time="0.079" /><testcase classname="tests.test_iteration11_batched.TestCandidateApplicationsBatched" name="test_register_apply_and_fetch_applications" time="0.697" /><testcase classname="tests.test_iteration11_batched.TestLoadDotenvSanity" name="test_backend_alive_and_env_read" time="0.065" /></testsuite></testsuites>