<?xml version="1.0" encoding="utf-8"?><testsuites name="pytest tests"><testsuite name="pytest" errors="0" failures="0" skipped="1" tests="22" time="10.563" timestamp="2026-07-14T19:18:18.909897+00:00" hostname="agent-env-a8c53162-737b-4e52-b753-d82b541e3537"><testcase classname="tests.test_iteration3.TestMasterSeed" name="test_master_login_ok" time="0.578" /><testcase classname="tests.test_iteration3.TestRoleGuards" name="test_master_users_forbidden_for_hr" time="0.618" /><testcase classname="tests.test_iteration3.TestRoleGuards" name="test_master_users_ok_for_master" time="0.555" /><testcase classname="tests.test_iteration3.TestRoleGuards" name="test_hr_jobs_ok_for_hr" time="0.305" /><testcase classname="tests.test_iteration3.TestRoleGuards" name="test_hr_jobs_ok_for_master" time="0.206" /><testcase classname="tests.test_iteration3.TestRoleGuards" name="test_hr_jobs_forbidden_for_candidate" time="0.569" /><testcase classname="tests.test_iteration3.TestMasterUserCRUD" name="test_list_users" time="0.187" /><testcase classname="tests.test_iteration3.TestMasterUserCRUD" name="test_create_hr_user" time="0.794" /><testcase classname="tests.test_iteration3.TestMasterUserCRUD" name="test_create_duplicate_409" time="0.161" /><testcase classname="tests.test_iteration3.TestMasterUserCRUD" name="test_create_short_password_400" time="0.152" /><testcase classname="tests.test_iteration3.TestMasterUserCRUD" name="test_toggle_hr_user" time="0.762" /><testcase classname="tests.test_iteration3.TestMasterUserCRUD" name="test_toggle_master_forbidden" time="0.351" /><testcase classname="tests.test_iteration3.TestDeactivatedHR" name="test_deactivated_hr_blocked_on_hr_endpoints" time="1.804" /><testcase classname="tests.test_iteration3.TestAssignmentEditor" name="test_get_assignment" time="0.288" /><testcase classname="tests.test_iteration3.TestAssignmentEditor" name="test_put_assignment_persists" time="0.472" /><testcase classname="tests.test_iteration3.TestAssignmentEditor" name="test_put_invalid_correct_index_400" time="0.304" /><testcase classname="tests.test_iteration3.TestAssignmentEditor" name="test_put_duration_too_low_400" time="0.303" /><testcase classname="tests.test_iteration3.TestAssignmentEditor" name="test_put_duration_too_high_400" time="0.324" /><testcase classname="tests.test_iteration3.TestResume" name="test_upload_pdf_ok" time="0.199"><skipped type="pytest.skip" message="Object storage unavailable: {&quot;detail&quot;:&quot;Upload failed: 503 Server Error: Service Unavailable for url: https://integrations.emergentagent.com/objstore/api/v1/storage/objects/co&quot;}">/app/backend/tests/test_iteration3.py:237: Object storage unavailable: {"detail":"Upload failed: 503 Server Error: Service Unavailable for url: https://integrations.emergentagent.com/objstore/api/v1/storage/objects/co"}</skipped></testcase><testcase classname="tests.test_iteration3.TestResume" name="test_upload_bad_extension_400" time="0.141" /><testcase classname="tests.test_iteration3.TestResume" name="test_upload_too_large_413" time="0.653" /><testcase classname="tests.test_iteration3.TestInviteEmail" name="test_invite_returns_mocked_email" time="0.778" /></testsuite></testsuites>