<?xml version="1.0" encoding="utf-8"?><testsuites name="pytest tests"><testsuite name="pytest" errors="0" failures="0" skipped="0" tests="10" time="21.869" timestamp="2026-07-14T20:40:35.642413+00:00" hostname="agent-env-a8c53162-737b-4e52-b753-d82b541e3537"><testcase classname="tests.test_iteration7.TestJSGrader" name="test_correct_promise_pool_passes" time="2.438" /><testcase classname="tests.test_iteration7.TestJSGrader" name="test_broken_promise_pool_fails" time="1.501" /><testcase classname="tests.test_iteration7.TestJSGrader" name="test_infinite_loop_timeout" time="11.702" /><testcase classname="tests.test_iteration7.TestPythonGraderRegression" name="test_count_duplicates_correct_passes" time="1.590" /><testcase classname="tests.test_iteration7.TestApplicationSource" name="test_source_stored" time="0.669" /><testcase classname="tests.test_iteration7.TestApplicationSource" name="test_source_defaults_when_missing" time="0.689" /><testcase classname="tests.test_iteration7.TestTimeToHire" name="test_time_to_hire_shape" time="0.157" /><testcase classname="tests.test_iteration7.TestTimeToHire" name="test_time_to_hire_requires_auth" time="0.172" /><testcase classname="tests.test_iteration7.TestMasterQBCRUD" name="test_full_crud_and_visibility" time="2.072" /><testcase classname="tests.test_iteration7.TestImportFromCustom" name="test_import_custom_mcq_appends" time="0.798" /></testsuite></testsuites>