<?xml version="1.0" encoding="utf-8"?><testsuites name="pytest tests"><testsuite name="pytest" errors="0" failures="8" skipped="0" tests="23" time="8.949" timestamp="2026-07-14T22:00:01.072886+00:00" hostname="agent-env-a8c53162-737b-4e52-b753-d82b541e3537"><testcase classname="tests.test_iteration10_security.TestResumeValidation" name="test_reject_no_extension" time="0.326"><failure message="assert 429 == 415&#10; +  where 429 = &lt;Response [429]&gt;.status_code">backend/tests/test_iteration10_security.py:150: in test_reject_no_extension
    assert r.status_code == 415
E   assert 429 == 415
E    +  where 429 = &lt;Response [429]&gt;.status_code</failure></testcase><testcase classname="tests.test_iteration10_security.TestResumeValidation" name="test_reject_exe" time="0.215"><failure message="assert 429 == 415&#10; +  where 429 = &lt;Response [429]&gt;.status_code">backend/tests/test_iteration10_security.py:154: in test_reject_exe
    assert r.status_code == 415
E   assert 429 == 415
E    +  where 429 = &lt;Response [429]&gt;.status_code</failure></testcase><testcase classname="tests.test_iteration10_security.TestRegression" name="test_hr_stats_open_7" time="0.641" /><testcase classname="tests.test_iteration10_security.TestResumeValidation" name="test_reject_txt" time="0.162"><failure message="assert 429 == 415&#10; +  where 429 = &lt;Response [429]&gt;.status_code">backend/tests/test_iteration10_security.py:158: in test_reject_txt
    assert r.status_code == 415
E   assert 429 == 415
E    +  where 429 = &lt;Response [429]&gt;.status_code</failure></testcase><testcase classname="tests.test_iteration10_security.TestRegression" name="test_hr_applications_paginated" time="0.249" /><testcase classname="tests.test_iteration10_security.TestResumeValidation" name="test_reject_pdf_magic_mismatch" time="0.065"><failure message="assert 429 == 415&#10; +  where 429 = &lt;Response [429]&gt;.status_code">backend/tests/test_iteration10_security.py:162: in test_reject_pdf_magic_mismatch
    assert r.status_code == 415
E   assert 429 == 415
E    +  where 429 = &lt;Response [429]&gt;.status_code</failure></testcase><testcase classname="tests.test_iteration10_security.TestResumeValidation" name="test_accept_valid_pdf" time="0.065"><failure message="AssertionError: {&quot;error&quot;:&quot;Rate limit exceeded: 10 per 1 hour&quot;}&#10;assert 429 == 200&#10; +  where 429 = &lt;Response [429]&gt;.status_code">backend/tests/test_iteration10_security.py:167: in test_accept_valid_pdf
    assert r.status_code == 200, r.text
E   AssertionError: {"error":"Rate limit exceeded: 10 per 1 hour"}
E   assert 429 == 200
E    +  where 429 = &lt;Response [429]&gt;.status_code</failure></testcase><testcase classname="tests.test_iteration10_security.TestRegression" name="test_hr_time_to_hire" time="0.295" /><testcase classname="tests.test_iteration10_security.TestResumeValidation" name="test_download_has_attachment_and_nosniff" time="0.369"><failure message="assert 429 == 200&#10; +  where 429 = &lt;Response [429]&gt;.status_code">backend/tests/test_iteration10_security.py:174: in test_download_has_attachment_and_nosniff
    assert up.status_code == 200
E   assert 429 == 200
E    +  where 429 = &lt;Response [429]&gt;.status_code</failure></testcase><testcase classname="tests.test_iteration10_security.TestRegression" name="test_hr_question_bank" time="0.071" /><testcase classname="tests.test_iteration10_security.TestRoleSync" name="test_open_roles_exact_7" time="0.065" /><testcase classname="tests.test_iteration10_security.TestRegression" name="test_master_users" time="0.527" /><testcase classname="tests.test_iteration10_security.TestRoleSync" name="test_closed_includes_5_wrong_ops" time="0.094" /><testcase classname="tests.test_iteration10_security.TestRoleSync" name="test_total_jobs_around_198" time="0.317" /><testcase classname="tests.test_iteration10_security.TestRateLimits" name="test_auth_login_ratelimit" time="2.048"><failure message="AssertionError: No 429 in [401, 401, 401, 401, 401, 401, 401, 401, 401, 401, 401, 401, 401]&#10;assert 429 in [401, 401, 401, 401, 401, 401, ...]">backend/tests/test_iteration10_security.py:236: in test_auth_login_ratelimit
    assert 429 in codes, f"No 429 in {codes}"
E   AssertionError: No 429 in [401, 401, 401, 401, 401, 401, 401, 401, 401, 401, 401, 401, 401]
E   assert 429 in [401, 401, 401, 401, 401, 401, ...]</failure></testcase><testcase classname="tests.test_iteration10_security.TestPerRoleAssessments" name="test_each_role_has_modules_applied" time="0.545" /><testcase classname="tests.test_iteration10_security.TestPerRoleAssessments" name="test_business_roles_no_code" time="0.275" /><testcase classname="tests.test_iteration10_security.TestPerRoleAssessments" name="test_engineering_roles_have_code" time="0.378" /><testcase classname="tests.test_iteration10_security.TestPublicSanitization" name="test_list_jobs_no_leaks" time="0.080" /><testcase classname="tests.test_iteration10_security.TestPublicSanitization" name="test_job_detail_no_leaks" time="0.638" /><testcase classname="tests.test_iteration10_security.TestEmailEscape" name="test_build_invite_escape" time="0.004" /><testcase classname="tests.test_iteration10_security.TestRateLimits" name="test_candidate_register_ratelimit" time="2.634"><failure message="AssertionError: No 429 in [200, 200, 200, 200, 200, 200, 200]&#10;assert 429 in [200, 200, 200, 200, 200, 200, ...]">backend/tests/test_iteration10_security.py:245: in test_candidate_register_ratelimit
    assert 429 in codes, f"No 429 in {codes}"
E   AssertionError: No 429 in [200, 200, 200, 200, 200, 200, 200]
E   assert 429 in [200, 200, 200, 200, 200, 200, ...]</failure></testcase><testcase classname="tests.test_iteration10_security.TestRateLimits" name="test_resume_upload_ratelimit" time="1.962" /></testsuite></testsuites>