<?xml version="1.0" encoding="utf-8"?><testsuites name="pytest tests"><testsuite name="pytest" errors="0" failures="1" skipped="0" tests="13" time="88.456" timestamp="2026-07-14T20:18:42.384410+00:00" hostname="agent-env-a8c53162-737b-4e52-b753-d82b541e3537"><testcase classname="tests.test_iteration6.TestMigration" name="test_no_seeded_job_has_legacy_coding_key" time="4.646"><failure message="AssertionError: Job IT4 Test Job 7a7fd2 missing coding_tasks list; got &lt;class 'NoneType'&gt;&#10;assert False&#10; +  where False = isinstance(None, list)&#10; +    where None = &lt;built-in method get of dict object at 0xf8f7e3ad4f00&gt;('coding_tasks')&#10; +      where &lt;built-in method get of dict object at 0xf8f7e3ad4f00&gt; = {}.get">tests/test_iteration6.py:105: in test_no_seeded_job_has_legacy_coding_key
    assert isinstance(a.get("coding_tasks"), list), f"Job {j['title']} missing coding_tasks list; got {type(a.get('coding_tasks'))}"
E   AssertionError: Job IT4 Test Job 7a7fd2 missing coding_tasks list; got &lt;class 'NoneType'&gt;
E   assert False
E    +  where False = isinstance(None, list)
E    +    where None = &lt;built-in method get of dict object at 0xf8f7e3ad4f00&gt;('coding_tasks')
E    +      where &lt;built-in method get of dict object at 0xf8f7e3ad4f00&gt; = {}.get</failure></testcase><testcase classname="tests.test_iteration6.TestAutoGrader" name="test_correct_solution_passes" time="2.291" /><testcase classname="tests.test_iteration6.TestAutoGrader" name="test_broken_solution_fails" time="1.476" /><testcase classname="tests.test_iteration6.TestAutoGrader" name="test_infinite_loop_times_out" time="11.228" /><testcase classname="tests.test_iteration6.TestMigration" name="test_default_assignment_has_coding_tasks_list" time="10.376" /><testcase classname="tests.test_iteration6.TestAssignmentEditor" name="test_accepts_coding_tasks_array" time="0.664" /><testcase classname="tests.test_iteration6.TestManualReviewRouting" name="test_js_task_needs_manual_review" time="1.788" /><testcase classname="tests.test_iteration6.TestAssignmentEditor" name="test_old_shape_coding_single_object_ignored" time="0.663" /><testcase classname="tests.test_iteration6.TestExamGetStripsTestCode" name="test_test_code_stripped_from_candidate_view" time="38.543" /><testcase classname="tests.test_iteration6.TestManualReviewRouting" name="test_python_without_testcode_needs_manual_review" time="70.063" /><testcase classname="tests.test_iteration6.TestLegacySubmit" name="test_legacy_coding_answer_populates_dict_and_grades" time="1.500" /><testcase classname="tests.test_iteration6.TestImportLibrary" name="test_import_multiple_coding_tasks_all_appended" time="0.507" /><testcase classname="tests.test_iteration6.TestImportLibrary" name="test_duplicate_import_skips" time="0.483" /></testsuite></testsuites>