<?xml version="1.0" encoding="utf-8"?><testsuites name="pytest tests"><testsuite name="pytest" errors="0" failures="0" skipped="0" tests="4" time="4.242" timestamp="2026-07-14T21:01:42.684210+00:00" hostname="agent-env-a8c53162-737b-4e52-b753-d82b541e3537"><testcase classname="tests.test_iteration8_trust_score.TestTrustScoreSubmit" name="test_high_trust_submission" time="2.509" /><testcase classname="tests.test_iteration8_trust_score.TestTrustScoreSubmit" name="test_low_trust_submission" time="1.123" /><testcase classname="tests.test_iteration8_trust_score.TestHRApplicationsTrust" name="test_list_has_trust_and_sorted_desc" time="0.147" /><testcase classname="tests.test_iteration8_trust_score.TestHRApplicationsTrust" name="test_default_sort_is_trust" time="0.344" /></testsuite></testsuites>