<?xml version="1.0" encoding="utf-8"?><testsuites name="pytest tests"><testsuite name="pytest" errors="0" failures="0" skipped="0" tests="6" time="3.000" timestamp="2026-07-14T22:23:15.900039+00:00" hostname="agent-env-a8c53162-737b-4e52-b753-d82b541e3537"><testcase classname="tests.test_iteration12_projections.TestRegression" name="test_hr_applications_still_works" time="0.816" /><testcase classname="tests.test_iteration12_projections.TestQuestionBank" name="test_list_modules_seed_count_and_perf" time="1.140" /><testcase classname="tests.test_iteration12_projections.TestRegression" name="test_candidate_applications_field_shape" time="0.211" /><testcase classname="tests.test_iteration12_projections.TestTimeToHire" name="test_time_to_hire_shape_and_performance" time="0.164" /><testcase classname="tests.test_iteration12_projections.TestQuestionBank" name="test_create_custom_module_and_verify_count" time="0.964" /><testcase classname="tests.test_iteration12_projections.TestQuestionBank" name="test_detail_seeded_module_returns_full_questions" time="0.282" /></testsuite></testsuites>