<?xml version="1.0" encoding="utf-8"?><testsuites name="pytest tests"><testsuite name="pytest" errors="0" failures="0" skipped="0" tests="13" time="18.882" timestamp="2026-07-14T19:36:02.969520+00:00" hostname="agent-env-a8c53162-737b-4e52-b753-d82b541e3537"><testcase classname="tests.test_iteration4.TestScheduleInterview" name="test_schedule_with_calendly" time="6.160" /><testcase classname="tests.test_iteration4.TestQuestionBank" name="test_list_modules" time="1.003" /><testcase classname="tests.test_iteration4.TestQuestionBank" name="test_mcq_ml_detail" time="0.189" /><testcase classname="tests.test_iteration4.TestQuestionBank" name="test_invalid_module_id" time="0.162" /><testcase classname="tests.test_iteration4.TestQuestionBank" name="test_auth_required" time="0.297" /><testcase classname="tests.test_iteration4.TestJobModel" name="test_create_and_get_returns_new_fields" time="0.300" /><testcase classname="tests.test_iteration4.TestJobModel" name="test_update_persists_fields" time="0.485" /><testcase classname="tests.test_iteration4.TestAutoReject" name="test_low_threshold_triggers_auto_flag" time="5.737" /><testcase classname="tests.test_iteration4.TestScheduleInterview" name="test_schedule_without_calendly_400" time="5.312" /><testcase classname="tests.test_iteration4.TestAutoReject" name="test_high_threshold_no_auto_flag" time="5.571" /><testcase classname="tests.test_iteration4.TestScheduleInterview" name="test_schedule_nonexistent_404" time="0.146" /><testcase classname="tests.test_iteration4.TestOverride" name="test_override_toggle" time="6.421" /><testcase classname="tests.test_iteration4.TestImport" name="test_import_appends_unique" time="1.215" /></testsuite></testsuites>