<?xml version="1.0" encoding="utf-8"?><testsuites name="pytest tests"><testsuite name="pytest" errors="0" failures="0" skipped="0" tests="12" time="13.612" timestamp="2026-07-14T19:53:56.219892+00:00" hostname="agent-env-a8c53162-737b-4e52-b753-d82b541e3537"><testcase classname="tests.test_iteration5.TestAutoShortlist" name="test_happy_path_auto_shortlist" time="2.319" /><testcase classname="tests.test_iteration5.TestWeightedMCQ" name="test_weight3_correct_only_gives_75" time="2.192" /><testcase classname="tests.test_iteration5.TestWeightedMCQ" name="test_both_correct_gives_100" time="1.410" /><testcase classname="tests.test_iteration5.TestAutoShortlist" name="test_mcq_below_min_no_shortlist" time="2.361" /><testcase classname="tests.test_iteration5.TestWeightedMCQ" name="test_none_correct_gives_0" time="1.373" /><testcase classname="tests.test_iteration5.TestAutoShortlist" name="test_violations_exceed_max" time="1.573" /><testcase classname="tests.test_iteration5.TestCalendlyBackfill" name="test_all_seeded_jobs_have_calendly_url" time="0.155" /><testcase classname="tests.test_iteration5.TestCalendlyBackfill" name="test_default_calendly_on_seeded_jobs" time="0.248" /><testcase classname="tests.test_iteration5.TestResendEmail" name="test_invite_delivers_real_email" time="0.608" /><testcase classname="tests.test_iteration5.TestAutoShortlist" name="test_auto_reject_wins_over_shortlist" time="6.364" /><testcase classname="tests.test_iteration5.TestJobInNewFields" name="test_create_and_read_new_fields" time="0.298" /><testcase classname="tests.test_iteration5.TestJobInNewFields" name="test_defaults_applied_when_omitted" time="0.145" /></testsuite></testsuites>