<?xml version="1.0" encoding="utf-8"?><testsuites name="pytest tests"><testsuite name="pytest" errors="0" failures="0" skipped="0" tests="65" time="99.427" timestamp="2026-07-14T19:56:43.574953+00:00" hostname="agent-env-a8c53162-737b-4e52-b753-d82b541e3537"><testcase classname="tests.test_iteration3.TestMasterUserCRUD" name="test_list_users" time="0.721" /><testcase classname="tests.test_iteration3.TestMasterUserCRUD" name="test_create_hr_user" time="0.756" /><testcase classname="tests.backend_test.TestApplications" name="test_apply_with_candidate_attaches_id" time="1.125" /><testcase classname="tests.backend_test.TestApplications" name="test_apply_duplicate_409" time="0.351" /><testcase classname="tests.backend_test.TestApplications" name="test_anonymous_apply_works" time="0.136" /><testcase classname="tests.test_iteration3.TestMasterUserCRUD" name="test_create_duplicate_409" time="0.142" /><testcase classname="tests.backend_test.TestApplications" name="test_candidate_applications_list" time="0.163" /><testcase classname="tests.test_iteration3.TestMasterUserCRUD" name="test_create_short_password_400" time="0.153" /><testcase classname="tests.test_iteration3.TestMasterUserCRUD" name="test_toggle_hr_user" time="1.161" /><testcase classname="tests.backend_test.TestApplications" name="test_hr_cannot_use_candidate_applications" time="0.619" /><testcase classname="tests.test_iteration3.TestRoleGuards" name="test_master_users_forbidden_for_hr" time="0.535" /><testcase classname="tests.test_iteration3.TestMasterUserCRUD" name="test_toggle_master_forbidden" time="0.498" /><testcase classname="tests.test_iteration3.TestRoleGuards" name="test_master_users_ok_for_master" time="0.507" /><testcase classname="tests.test_iteration3.TestRoleGuards" name="test_hr_jobs_ok_for_hr" time="0.458" /><testcase classname="tests.test_iteration3.TestRoleGuards" name="test_hr_jobs_ok_for_master" time="0.226" /><testcase classname="tests.test_iteration3.TestAssignmentEditor" name="test_get_assignment" time="0.706" /><testcase classname="tests.test_iteration3.TestAssignmentEditor" name="test_put_assignment_persists" time="0.598" /><testcase classname="tests.test_iteration3.TestRoleGuards" name="test_hr_jobs_forbidden_for_candidate" time="0.549" /><testcase classname="tests.backend_test.TestHRExisting" name="test_hr_login" time="0.346" /><testcase classname="tests.test_iteration3.TestAssignmentEditor" name="test_put_invalid_correct_index_400" time="0.457" /><testcase classname="tests.backend_test.TestHRExisting" name="test_hr_me" time="0.116" /><testcase classname="tests.backend_test.TestHRExisting" name="test_hr_applications" time="0.202" /><testcase classname="tests.test_iteration3.TestAssignmentEditor" name="test_put_duration_too_low_400" time="0.258" /><testcase classname="tests.backend_test.TestHRExisting" name="test_invite_and_submit_flow" time="8.162" /><testcase classname="tests.test_iteration3.TestAssignmentEditor" name="test_put_duration_too_high_400" time="0.226" /><testcase classname="tests.test_iteration5.TestAutoShortlist" name="test_happy_path_auto_shortlist" time="1.747" /><testcase classname="tests.test_iteration5.TestAutoShortlist" name="test_mcq_below_min_no_shortlist" time="1.309" /><testcase classname="tests.test_iteration5.TestAutoShortlist" name="test_violations_exceed_max" time="1.355" /><testcase classname="tests.test_iteration5.TestAutoShortlist" name="test_auto_reject_wins_over_shortlist" time="5.244" /><testcase classname="tests.test_iteration4.TestQuestionBank" name="test_list_modules" time="0.466" /><testcase classname="tests.test_iteration4.TestQuestionBank" name="test_mcq_ml_detail" time="0.119" /><testcase classname="tests.test_iteration4.TestQuestionBank" name="test_invalid_module_id" time="0.139" /><testcase classname="tests.test_iteration4.TestQuestionBank" name="test_auth_required" time="0.107" /><testcase classname="tests.backend_test.TestCandidateLogin" name="test_login_success" time="0.339" /><testcase classname="tests.backend_test.TestCandidateLogin" name="test_login_wrong_password_401" time="0.343" /><testcase classname="tests.backend_test.TestCandidateLogin" name="test_hr_cannot_login_via_candidate" time="0.195" /><testcase classname="tests.backend_test.TestCandidateMe" name="test_me_with_candidate_token" time="0.112" /><testcase classname="tests.backend_test.TestCandidateMe" name="test_me_with_hr_token_403" time="0.110" /><testcase classname="tests.backend_test.TestCandidateRegister" name="test_register_success" time="0.357" /><testcase classname="tests.backend_test.TestCandidateMe" name="test_me_no_token_401" time="0.286" /><testcase classname="tests.test_iteration3.TestResume" name="test_upload_pdf_ok" time="1.155" /><testcase classname="tests.backend_test.TestCandidateRegister" name="test_register_duplicate_409" time="0.871" /><testcase classname="tests.backend_test.TestCandidateRegister" name="test_register_short_password_400" time="0.321" /><testcase classname="tests.test_iteration3.TestResume" name="test_upload_bad_extension_400" time="0.106" /><testcase classname="tests.test_iteration3.TestResume" name="test_upload_too_large_413" time="0.417" /><testcase classname="tests.test_iteration4.TestScheduleInterview" name="test_schedule_with_calendly" time="6.853" /><testcase classname="tests.test_iteration5.TestWeightedMCQ" name="test_weight3_correct_only_gives_75" time="1.635" /><testcase classname="tests.test_iteration5.TestWeightedMCQ" name="test_both_correct_gives_100" time="1.084" /><testcase classname="tests.test_iteration5.TestWeightedMCQ" name="test_none_correct_gives_0" time="1.189" /><testcase classname="tests.test_iteration4.TestJobModel" name="test_create_and_get_returns_new_fields" time="0.559" /><testcase classname="tests.test_iteration4.TestJobModel" name="test_update_persists_fields" time="0.337" /><testcase classname="tests.test_iteration4.TestAutoReject" name="test_low_threshold_triggers_auto_flag" time="41.686" /><testcase classname="tests.test_iteration4.TestScheduleInterview" name="test_schedule_without_calendly_400" time="73.803" /><testcase classname="tests.test_iteration4.TestAutoReject" name="test_high_threshold_no_auto_flag" time="5.211" /><testcase classname="tests.test_iteration5.TestCalendlyBackfill" name="test_all_seeded_jobs_have_calendly_url" time="0.204" /><testcase classname="tests.test_iteration5.TestCalendlyBackfill" name="test_default_calendly_on_seeded_jobs" time="0.158" /><testcase classname="tests.test_iteration3.TestMasterSeed" name="test_master_login_ok" time="0.377" /><testcase classname="tests.test_iteration3.TestDeactivatedHR" name="test_deactivated_hr_blocked_on_hr_endpoints" time="1.803" /><testcase classname="tests.test_iteration3.TestInviteEmail" name="test_invite_returns_mocked_email" time="1.062" /><testcase classname="tests.test_iteration4.TestImport" name="test_import_appends_unique" time="1.615" /><testcase classname="tests.test_iteration4.TestOverride" name="test_override_toggle" time="7.432" /><testcase classname="tests.test_iteration5.TestResendEmail" name="test_invite_delivers_real_email" time="1.107" /><testcase classname="tests.test_iteration4.TestScheduleInterview" name="test_schedule_nonexistent_404" time="0.210" /><testcase classname="tests.test_iteration5.TestJobInNewFields" name="test_create_and_read_new_fields" time="0.845" /><testcase classname="tests.test_iteration5.TestJobInNewFields" name="test_defaults_applied_when_omitted" time="0.159" /></testsuite></testsuites>