<?xml version="1.0" encoding="utf-8"?><testsuites name="pytest tests"><testsuite name="pytest" errors="0" failures="0" skipped="0" tests="18" time="13.841" timestamp="2026-07-14T19:04:17.965744+00:00" hostname="agent-env-a8c53162-737b-4e52-b753-d82b541e3537"><testcase classname="tests.backend_test.TestCandidateRegister" name="test_register_success" time="0.434" /><testcase classname="tests.backend_test.TestCandidateRegister" name="test_register_duplicate_409" time="0.569" /><testcase classname="tests.backend_test.TestCandidateRegister" name="test_register_short_password_400" time="0.142" /><testcase classname="tests.backend_test.TestCandidateLogin" name="test_login_success" time="0.414" /><testcase classname="tests.backend_test.TestCandidateLogin" name="test_login_wrong_password_401" time="0.435" /><testcase classname="tests.backend_test.TestCandidateLogin" name="test_hr_cannot_login_via_candidate" time="0.143" /><testcase classname="tests.backend_test.TestCandidateMe" name="test_me_with_candidate_token" time="0.152" /><testcase classname="tests.backend_test.TestCandidateMe" name="test_me_with_hr_token_403" time="0.552" /><testcase classname="tests.backend_test.TestCandidateMe" name="test_me_no_token_401" time="0.171" /><testcase classname="tests.backend_test.TestApplications" name="test_apply_with_candidate_attaches_id" time="0.631" /><testcase classname="tests.backend_test.TestApplications" name="test_apply_duplicate_409" time="0.143" /><testcase classname="tests.backend_test.TestApplications" name="test_anonymous_apply_works" time="0.145" /><testcase classname="tests.backend_test.TestApplications" name="test_candidate_applications_list" time="0.159" /><testcase classname="tests.backend_test.TestApplications" name="test_hr_cannot_use_candidate_applications" time="0.174" /><testcase classname="tests.backend_test.TestHRExisting" name="test_hr_login" time="0.381" /><testcase classname="tests.backend_test.TestHRExisting" name="test_hr_me" time="0.136" /><testcase classname="tests.backend_test.TestHRExisting" name="test_hr_applications" time="0.159" /><testcase classname="tests.backend_test.TestHRExisting" name="test_invite_and_submit_flow" time="8.815" /></testsuite></testsuites>